[    0.000000] Initializing cgroup subsys cpuset
[    0.000000] Initializing cgroup subsys cpu
[    0.000000] Initializing cgroup subsys cpuacct
[    0.000000] Linux version 4.4.0-159-generic (buildd@lgw01-amd64-042) (gcc version 5.4.0 20160609 (Ubuntu 5.4.0-6ubuntu1~16.04.10) ) #187-Ubuntu SMP Thu Aug 1 16:28:06 UTC 2019 (Ubuntu 4.4.0-159.187-generic 4.4.185)
[    0.000000] Command line: BOOT_IMAGE=/boot/vmlinuz-4.4.0-159-generic root=LABEL=cloudimg-rootfs ro console=tty1 console=ttyS0
[    0.000000] KERNEL supported cpus:
[    0.000000]   Intel GenuineIntel
[    0.000000]   AMD AuthenticAMD
[    0.000000]   Centaur CentaurHauls
[    0.000000] x86/fpu: xstate_offset[2]:  576, xstate_sizes[2]:  256
[    0.000000] x86/fpu: Supporting XSAVE feature 0x01: 'x87 floating point registers'
[    0.000000] x86/fpu: Supporting XSAVE feature 0x02: 'SSE registers'
[    0.000000] x86/fpu: Supporting XSAVE feature 0x04: 'AVX registers'
[    0.000000] x86/fpu: Enabled xstate features 0x7, context size is 832 bytes, using 'standard' format.
[    0.000000] e820: BIOS-provided physical RAM map:
[    0.000000] BIOS-e820: [mem 0x0000000000000000-0x000000000009fbff] usable
[    0.000000] BIOS-e820: [mem 0x000000000009fc00-0x000000000009ffff] reserved
[    0.000000] BIOS-e820: [mem 0x00000000000f0000-0x00000000000fffff] reserved
[    0.000000] BIOS-e820: [mem 0x0000000000100000-0x000000003ffeffff] usable
[    0.000000] BIOS-e820: [mem 0x000000003fff0000-0x000000003fffffff] ACPI data
[    0.000000] BIOS-e820: [mem 0x00000000fec00000-0x00000000fec00fff] reserved
[    0.000000] BIOS-e820: [mem 0x00000000fee00000-0x00000000fee00fff] reserved
[    0.000000] BIOS-e820: [mem 0x00000000fffc0000-0x00000000ffffffff] reserved
[    0.000000] NX (Execute Disable) protection: active
[    0.000000] SMBIOS 2.5 present.
[    0.000000] Hypervisor detected: KVM
[    0.000000] e820: last_pfn = 0x3fff0 max_arch_pfn = 0x400000000
[    0.000000] MTRR: Disabled
[    0.000000] x86/PAT: MTRRs disabled, skipping PAT initialization too.
[    0.000000] CPU MTRRs all blank - virtualized system.
[    0.000000] x86/PAT: Configuration [0-7]: WB  WT  UC- UC  WB  WT  UC- UC  
[    0.000000] found SMP MP-table at [mem 0x0009fff0-0x0009ffff] mapped at [ffff88000009fff0]
[    0.000000] Scanning 1 areas for low memory corruption
[    0.000000] RAMDISK: [mem 0x362f8000-0x37173fff]
[    0.000000] ACPI: Early table checksum verification disabled
[    0.000000] ACPI: RSDP 0x00000000000E0000 000024 (v02 VBOX  )
[    0.000000] ACPI: XSDT 0x000000003FFF0030 00003C (v01 VBOX   VBOXXSDT 00000001 ASL  00000061)
[    0.000000] ACPI: FACP 0x000000003FFF00F0 0000F4 (v04 VBOX   VBOXFACP 00000001 ASL  00000061)
[    0.000000] ACPI: DSDT 0x000000003FFF0470 0022EA (v02 VBOX   VBOXBIOS 00000002 INTL 20100528)
[    0.000000] ACPI: FACS 0x000000003FFF0200 000040
[    0.000000] ACPI: FACS 0x000000003FFF0200 000040
[    0.000000] ACPI: APIC 0x000000003FFF0240 00005C (v02 VBOX   VBOXAPIC 00000001 ASL  00000061)
[    0.000000] ACPI: SSDT 0x000000003FFF02A0 0001CC (v01 VBOX   VBOXCPUT 00000002 INTL 20100528)
[    0.000000] No NUMA configuration found
[    0.000000] Faking a node at [mem 0x0000000000000000-0x000000003ffeffff]
[    0.000000] NODE_DATA(0) allocated [mem 0x3ffeb000-0x3ffeffff]
[    0.000000] kvm-clock: Using msrs 4b564d01 and 4b564d00
[    0.000000] kvm-clock: cpu 0, msr 0:3ffe3001, primary cpu clock
[    0.000000] kvm-clock: using sched offset of 3399553235 cycles
[    0.000000] clocksource: kvm-clock: mask: 0xffffffffffffffff max_cycles: 0x1cd42e4dffb, max_idle_ns: 881590591483 ns
[    0.000000] Zone ranges:
[    0.000000]   DMA      [mem 0x0000000000001000-0x0000000000ffffff]
[    0.000000]   DMA32    [mem 0x0000000001000000-0x000000003ffeffff]
[    0.000000]   Normal   empty
[    0.000000]   Device   empty
[    0.000000] Movable zone start for each node
[    0.000000] Early memory node ranges
[    0.000000]   node   0: [mem 0x0000000000001000-0x000000000009efff]
[    0.000000]   node   0: [mem 0x0000000000100000-0x000000003ffeffff]
[    0.000000] Initmem setup node 0 [mem 0x0000000000001000-0x000000003ffeffff]
[    0.000000] ACPI: PM-Timer IO Port: 0x4008
[    0.000000] IOAPIC[0]: apic_id 2, version 32, address 0xfec00000, GSI 0-23
[    0.000000] ACPI: INT_SRC_OVR (bus 0 bus_irq 0 global_irq 2 dfl dfl)
[    0.000000] ACPI: INT_SRC_OVR (bus 0 bus_irq 9 global_irq 9 low level)
[    0.000000] Using ACPI (MADT) for SMP configuration information
[    0.000000] smpboot: Allowing 2 CPUs, 0 hotplug CPUs
[    0.000000] PM: Registered nosave memory: [mem 0x00000000-0x00000fff]
[    0.000000] PM: Registered nosave memory: [mem 0x0009f000-0x0009ffff]
[    0.000000] PM: Registered nosave memory: [mem 0x000a0000-0x000effff]
[    0.000000] PM: Registered nosave memory: [mem 0x000f0000-0x000fffff]
[    0.000000] e820: [mem 0x40000000-0xfebfffff] available for PCI devices
[    0.000000] Booting paravirtualized kernel on KVM
[    0.000000] clocksource: refined-jiffies: mask: 0xffffffff max_cycles: 0xffffffff, max_idle_ns: 7645519600211568 ns
[    0.000000] setup_percpu: NR_CPUS:512 nr_cpumask_bits:512 nr_cpu_ids:2 nr_node_ids:1
[    0.000000] PERCPU: Embedded 34 pages/cpu @ffff88003fc00000 s99544 r8192 d31528 u1048576
[    0.000000] Built 1 zonelists in Node order, mobility grouping on.  Total pages: 257912
[    0.000000] Policy zone: DMA32
[    0.000000] Kernel command line: BOOT_IMAGE=/boot/vmlinuz-4.4.0-159-generic root=LABEL=cloudimg-rootfs ro console=tty1 console=ttyS0
[    0.000000] PID hash table entries: 4096 (order: 3, 32768 bytes)
[    0.000000] Memory: 997724K/1048120K available (8618K kernel code, 1335K rwdata, 4032K rodata, 1488K init, 1284K bss, 50396K reserved, 0K cma-reserved)
[    0.000000] SLUB: HWalign=64, Order=0-3, MinObjects=0, CPUs=2, Nodes=1
[    0.000000] Kernel/User page tables isolation: enabled
[    0.000000] Hierarchical RCU implementation.
[    0.000000] 	Build-time adjustment of leaf fanout to 64.
[    0.000000] 	RCU restricting CPUs from NR_CPUS=512 to nr_cpu_ids=2.
[    0.000000] RCU: Adjusting geometry for rcu_fanout_leaf=64, nr_cpu_ids=2
[    0.000000] NR_IRQS:33024 nr_irqs:440 16
[    0.000000] Console: colour VGA+ 80x25
[    0.000000] console [tty1] enabled
[    0.000000] console [ttyS0] enabled
[    0.000000] tsc: Detected 2303.998 MHz processor
[    0.169519] Calibrating delay loop (skipped) preset value.. 4607.99 BogoMIPS (lpj=9215992)
[    0.172027] pid_max: default: 32768 minimum: 301
[    0.173122] ACPI: Core revision 20150930
[    0.174777] ACPI: 2 ACPI AML tables successfully acquired and loaded
[    0.176582] Security Framework initialized
[    0.177557] Yama: becoming mindful.
[    0.178489] AppArmor: AppArmor initialized
[    0.179721] Dentry cache hash table entries: 131072 (order: 8, 1048576 bytes)
[    0.182634] Inode-cache hash table entries: 65536 (order: 7, 524288 bytes)
[    0.184160] Mount-cache hash table entries: 2048 (order: 2, 16384 bytes)
[    0.185643] Mountpoint-cache hash table entries: 2048 (order: 2, 16384 bytes)
[    0.187746] Initializing cgroup subsys io
[    0.188785] Initializing cgroup subsys memory
[    0.189971] Initializing cgroup subsys devices
[    0.191070] Initializing cgroup subsys freezer
[    0.192079] Initializing cgroup subsys net_cls
[    0.193127] Initializing cgroup subsys perf_event
[    0.194226] Initializing cgroup subsys net_prio
[    0.195915] Initializing cgroup subsys hugetlb
[    0.196991] Initializing cgroup subsys pids
[    0.199608] mce: CPU supports 0 MCE banks
[    0.200592] Last level iTLB entries: 4KB 64, 2MB 8, 4MB 8
[    0.201781] Last level dTLB entries: 4KB 64, 2MB 0, 4MB 0, 1GB 4
[    0.203394] Spectre V1 : Mitigation: usercopy/swapgs barriers and __user pointer sanitization
[    0.205589] Spectre V2 : Mitigation: Full generic retpoline
[    0.206772] Spectre V2 : Spectre v2 / SpectreRSB mitigation: Filling RSB on context switch
[    0.208700] Speculative Store Bypass: Vulnerable
[    0.209891] MDS: Mitigation: Clear CPU buffers
[    0.213764] Freeing SMP alternatives memory: 36K
[    0.220551] ftrace: allocating 32318 entries in 127 pages
[    0.276596] smpboot: APIC(0) Converting physical 0 to logical package 0
[    0.278628] smpboot: Max logical packages: 1
[    0.279822] x2apic enabled
[    0.280721] Switched APIC routing to physical x2apic.
[    0.282737] ..TIMER: vector=0x30 apic1=0 pin1=2 apic2=-1 pin2=-1
[    0.388951] smpboot: CPU0: Intel(R) Core(TM) i5-8259U CPU @ 2.30GHz (family: 0x6, model: 0x8e, stepping: 0xa)
[    0.392483] Performance Events: unsupported p6 CPU model 142 no PMU driver, software events only.
[    0.404394] KVM setup paravirtual spinlock
[    0.406544] x86: Booting SMP configuration:
[    0.407826] .... node  #0, CPUs:      #1
[    0.409429] kvm-clock: cpu 1, msr 0:3ffe3041, secondary cpu clock
[    0.412277] mce: CPU supports 0 MCE banks
[    0.414952] x86: Booted up 1 node, 2 CPUs
[    0.416847] smpboot: Total of 2 processors activated (9215.99 BogoMIPS)
[    0.419293] devtmpfs: initialized
[    0.421633] evm: security.selinux
[    0.422440] evm: security.SMACK64
[    0.423239] evm: security.SMACK64EXEC
[    0.424574] evm: security.SMACK64TRANSMUTE
[    0.425576] evm: security.SMACK64MMAP
[    0.426449] evm: security.ima
[    0.427207] evm: security.capability
[    0.428366] clocksource: jiffies: mask: 0xffffffff max_cycles: 0xffffffff, max_idle_ns: 7645041785100000 ns
[    0.430568] futex hash table entries: 512 (order: 3, 32768 bytes)
[    0.432052] pinctrl core: initialized pinctrl subsystem
[    0.433407] RTC time:  2:00:45, date: 08/27/19
[    0.434595] NET: Registered protocol family 16
[    0.444757] cpuidle: using governor ladder
[    0.456980] cpuidle: using governor menu
[    0.458891] PCCT header not found.
[    0.460485] ACPI: bus type PCI registered
[    0.461693] acpiphp: ACPI Hot Plug PCI Controller Driver version: 0.5
[    0.463603] PCI: Using configuration type 1 for base access
[    0.477966] ACPI: Added _OSI(Module Device)
[    0.479579] ACPI: Added _OSI(Processor Device)
[    0.481151] ACPI: Added _OSI(3.0 _SCP Extensions)
[    0.482524] ACPI: Added _OSI(Processor Aggregator Device)
[    0.484675] ACPI: Executed 1 blocks of module-level executable AML code
[    0.488267] ACPI: Interpreter enabled
[    0.489284] ACPI: (supports S0 S5)
[    0.490089] ACPI: Using IOAPIC for interrupt routing
[    0.491310] PCI: Using host bridge windows from ACPI; if necessary, use "pci=nocrs" and report a bug
[    0.497482] ACPI: PCI Root Bridge [PCI0] (domain 0000 [bus 00-ff])
[    0.499073] acpi PNP0A03:00: _OSC: OS supports [ASPM ClockPM Segments MSI]
[    0.500796] acpi PNP0A03:00: _OSC: not requesting OS control; OS requires [ExtendedConfig ASPM ClockPM MSI]
[    0.502895] acpi PNP0A03:00: fail to add MMCONFIG information, can't access extended PCI configuration space under this bridge.
[    0.506195] PCI host bridge to bus 0000:00
[    0.507160] pci_bus 0000:00: root bus resource [io  0x0000-0x0cf7 window]
[    0.509055] pci_bus 0000:00: root bus resource [io  0x0d00-0xffff window]
[    0.510455] pci_bus 0000:00: root bus resource [mem 0x000a0000-0x000bffff window]
[    0.512233] pci_bus 0000:00: root bus resource [mem 0x40000000-0xfdffffff window]
[    0.514378] pci_bus 0000:00: root bus resource [bus 00-ff]
[    0.518649] pci 0000:00:01.1: legacy IDE quirk: reg 0x10: [io  0x01f0-0x01f7]
[    0.520219] pci 0000:00:01.1: legacy IDE quirk: reg 0x14: [io  0x03f6]
[    0.521648] pci 0000:00:01.1: legacy IDE quirk: reg 0x18: [io  0x0170-0x0177]
[    0.523231] pci 0000:00:01.1: legacy IDE quirk: reg 0x1c: [io  0x0376]
[    0.548014] pci 0000:00:07.0: quirk: [io  0x4000-0x403f] claimed by PIIX4 ACPI
[    0.550083] pci 0000:00:07.0: quirk: [io  0x4100-0x410f] claimed by PIIX4 SMB
[    0.556899] ACPI: PCI Interrupt Link [LNKA] (IRQs 5 9 10 *11)
[    0.558762] ACPI: PCI Interrupt Link [LNKB] (IRQs 5 9 *10 11)
[    0.560429] ACPI: PCI Interrupt Link [LNKC] (IRQs 5 *9 10 11)
[    0.562610] ACPI: PCI Interrupt Link [LNKD] (IRQs 5 9 10 *11)
[    0.564919] ACPI: Enabled 2 GPEs in block 00 to 07
[    0.566424] vgaarb: setting as boot device: PCI:0000:00:02.0
[    0.567649] vgaarb: device added: PCI:0000:00:02.0,decodes=io+mem,owns=io+mem,locks=none
[    0.569479] vgaarb: loaded
[    0.570156] vgaarb: bridge control possible 0000:00:02.0
[    0.571650] SCSI subsystem initialized
[    0.572656] ACPI: bus type USB registered
[    0.573587] usbcore: registered new interface driver usbfs
[    0.574766] usbcore: registered new interface driver hub
[    0.575940] usbcore: registered new device driver usb
[    0.577273] PCI: Using ACPI for IRQ routing
[    0.578547] NetLabel: Initializing
[    0.579465] NetLabel:  domain hash size = 128
[    0.580458] NetLabel:  protocols = UNLABELED CIPSOv4
[    0.582733] NetLabel:  unlabeled traffic allowed by default
[    0.584120] amd_nb: Cannot enumerate AMD northbridges
[    0.585815] clocksource: Switched to clocksource kvm-clock
[    0.593772] AppArmor: AppArmor Filesystem Enabled
[    0.595479] pnp: PnP ACPI init
[    0.598408] pnp: PnP ACPI: found 3 devices
[    0.609046] clocksource: acpi_pm: mask: 0xffffff max_cycles: 0xffffff, max_idle_ns: 2085701024 ns
[    0.611388] NET: Registered protocol family 2
[    0.613418] TCP established hash table entries: 8192 (order: 4, 65536 bytes)
[    0.615009] TCP bind hash table entries: 8192 (order: 5, 131072 bytes)
[    0.616380] TCP: Hash tables configured (established 8192 bind 8192)
[    0.617722] UDP hash table entries: 512 (order: 2, 16384 bytes)
[    0.619007] UDP-Lite hash table entries: 512 (order: 2, 16384 bytes)
[    0.621225] NET: Registered protocol family 1
[    0.622451] pci 0000:00:00.0: Limiting direct PCI/PCI transfers
[    0.624272] pci 0000:00:01.0: Activating ISA DMA hang workarounds
[    0.626051] Unpacking initramfs...
[    0.823759] Freeing initrd memory: 14832K
[    0.825914] clocksource: tsc: mask: 0xffffffffffffffff max_cycles: 0x2135f5e6f15, max_idle_ns: 440795231538 ns
[    0.828368] platform rtc_cmos: registered platform RTC device (no PNP device found)
[    0.830130] Scanning for low memory corruption every 60 seconds
[    0.831749] audit: initializing netlink subsys (disabled)
[    0.833464] audit: type=2000 audit(1566871250.535:1): initialized
[    0.835328] Initialise system trusted keyring
[    0.836503] HugeTLB registered 2 MB page size, pre-allocated 0 pages
[    0.838904] zbud: loaded
[    0.839870] VFS: Disk quotas dquot_6.6.0
[    0.841604] VFS: Dquot-cache hash table entries: 512 (order 0, 4096 bytes)
[    0.843731] squashfs: version 4.0 (2009/01/31) Phillip Lougher
[    0.845215] fuse init (API version 7.23)
[    0.846278] Key type big_key registered
[    0.847205] Allocating IMA MOK and blacklist keyrings.
[    0.850143] Key type asymmetric registered
[    0.851117] Asymmetric key parser 'x509' registered
[    0.852248] Block layer SCSI generic (bsg) driver version 0.4 loaded (major 249)
[    0.854558] io scheduler noop registered
[    0.855504] io scheduler deadline registered (default)
[    0.856686] io scheduler cfq registered
[    0.858118] pci_hotplug: PCI Hot Plug PCI Core version: 0.5
[    0.859462] pciehp: PCI Express Hot Plug Controller Driver version: 0.4
[    0.861178] ACPI: AC Adapter [AC] (off-line)
[    0.862504] input: Power Button as /devices/LNXSYSTM:00/LNXPWRBN:00/input/input0
[    0.864403] ACPI: Power Button [PWRF]
[    0.865425] input: Sleep Button as /devices/LNXSYSTM:00/LNXSLPBN:00/input/input1
[    0.867448] ACPI: Sleep Button [SLPF]
[    0.869444] ACPI: Battery Slot [BAT0] (battery present)
[    0.871039] GHES: HEST is not enabled!
[    0.872049] Serial: 8250/16550 driver, 32 ports, IRQ sharing enabled
[    0.894474] 00:02: ttyS0 at I/O 0x3f8 (irq = 4, base_baud = 115200) is a 16550A
[    0.897384] Linux agpgart interface v0.103
[    0.900671] loop: module loaded
[    0.902060] scsi host0: ata_piix
[    0.902979] scsi host1: ata_piix
[    0.903804] ata1: PATA max UDMA/33 cmd 0x1f0 ctl 0x3f6 bmdma 0xd000 irq 14
[    0.905378] ata2: PATA max UDMA/33 cmd 0x170 ctl 0x376 bmdma 0xd008 irq 15
[    0.907204] libphy: Fixed MDIO Bus: probed
[    0.908207] tun: Universal TUN/TAP device driver, 1.6
[    0.909355] tun: (C) 1999-2004 Max Krasnyansky <maxk@qualcomm.com>
[    0.910797] PPP generic driver version 2.4.2
[    0.911840] ehci_hcd: USB 2.0 'Enhanced' Host Controller (EHCI) Driver
[    0.913291] ehci-pci: EHCI PCI platform driver
[    0.914503] ehci-platform: EHCI generic platform driver
[    0.915966] ohci_hcd: USB 1.1 'Open' Host Controller (OHCI) Driver
[    0.917317] ohci-pci: OHCI PCI platform driver
[    0.918397] ohci-platform: OHCI generic platform driver
[    0.919572] uhci_hcd: USB Universal Host Controller Interface driver
[    0.921006] i8042: PNP: PS/2 Controller [PNP0303:PS2K,PNP0f03:PS2M] at 0x60,0x64 irq 1,12
[    0.924128] serio: i8042 KBD port at 0x60,0x64 irq 1
[    0.925264] serio: i8042 AUX port at 0x60,0x64 irq 12
[    0.926816] mousedev: PS/2 mouse device common for all mice
[    0.928396] input: AT Translated Set 2 keyboard as /devices/platform/i8042/serio0/input/input2
[    0.930887] rtc_cmos rtc_cmos: rtc core: registered rtc_cmos as rtc0
[    0.932566] rtc_cmos rtc_cmos: alarms up to one day, 114 bytes nvram
[    0.934215] i2c /dev entries driver
[    0.935121] device-mapper: uevent: version 1.0.3
[    0.936289] device-mapper: ioctl: 4.34.0-ioctl (2015-10-28) initialised: dm-devel@redhat.com
[    0.938239] ledtrig-cpu: registered to indicate activity on CPUs
[    0.940364] NET: Registered protocol family 10
[    0.941566] NET: Registered protocol family 17
[    0.942861] Key type dns_resolver registered
[    0.944318] registered taskstats version 1
[    0.945294] Loading compiled-in X.509 certificates
[    0.946890] Loaded X.509 cert 'Build time autogenerated kernel key: d14182f9795b80ec340f636a5a08bf5817ccd8e7'
[    0.949319] zswap: loaded using pool lzo/zbud
[    0.951779] Key type trusted registered
[    0.955034] Key type encrypted registered
[    0.956143] AppArmor: AppArmor sha1 policy hashing enabled
[    0.957345] ima: No TPM chip found, activating TPM-bypass!
[    0.958608] ima: Allocated hash algorithm: sha1
[    0.959795] evm: HMAC attrs: 0x1
[    0.960909]   Magic number: 15:212:6
[    0.961885] rtc_cmos rtc_cmos: setting system clock to 2019-08-27 02:00:46 UTC (1566871246)
[    0.964378] BIOS EDD facility v0.16 2004-Jun-25, 0 devices found
[    0.965681] EDD information not available.
[    1.069911] Freeing unused kernel memory: 1488K
[    1.072566] Write protecting the kernel read-only data: 14336k
[    1.075132] Freeing unused kernel memory: 1608K
[    1.077210] Freeing unused kernel memory: 64K
Loading, please wait...
starting version 229
[    1.092247] random: systemd-udevd: uninitialized urandom read (16 bytes read, 3 bits of entropy available)
[    1.092618] random: udevadm: uninitialized urandom read (16 bytes read, 3 bits of entropy available)
[    1.092635] random: udevadm: uninitialized urandom read (16 bytes read, 3 bits of entropy available)
[    1.098702] random: udevadm: uninitialized urandom read (16 bytes read, 3 bits of entropy available)
[    1.098736] random: udevadm: uninitialized urandom read (16 bytes read, 3 bits of entropy available)
[    1.098874] random: udevadm: uninitialized urandom read (16 bytes read, 3 bits of entropy available)
[    1.098911] random: udevadm: uninitialized urandom read (16 bytes read, 3 bits of entropy available)
[    1.098948] random: udevadm: uninitialized urandom read (16 bytes read, 3 bits of entropy available)
[    1.098984] random: udevadm: uninitialized urandom read (16 bytes read, 3 bits of entropy available)
[    1.099018] random: udevadm: uninitialized urandom read (16 bytes read, 3 bits of entropy available)
[    1.138587] e1000: Intel(R) PRO/1000 Network Driver - version 7.3.21-k8-NAPI
[    1.140517] e1000: Copyright (c) 1999-2006 Intel Corporation.
[    1.142075] Fusion MPT base driver 3.04.20
[    1.143331] Copyright (c) 1999-2008 LSI Corporation
[    1.147518] Fusion MPT SPI Host driver 3.04.20
[    1.171704] AVX2 version of gcm_enc/dec engaged.
[    1.173366] AES CTR mode by8 optimization enabled
[    1.373514] input: ImExPS/2 Generic Explorer Mouse as /devices/platform/i8042/serio1/input/input4
[    1.615985] e1000 0000:00:03.0 eth0: (PCI:33MHz:32-bit) 02:6a:5b:40:72:6f
[    1.618676] e1000 0000:00:03.0 eth0: Intel(R) PRO/1000 Network Connection
[    1.621019] mptbase: ioc0: Initiating bringup
[    1.622962] e1000 0000:00:03.0 enp0s3: renamed from eth0
[    1.937109] ioc0: LSI53C1030 A0: Capabilities={Initiator}
[    3.543795] scsi host2: ioc0: LSI53C1030 A0, FwRev=00000000h, Ports=1, MaxQ=256, IRQ=20
[    4.391361] scsi 2:0:0:0: Direct-Access     VBOX     HARDDISK         1.0  PQ: 0 ANSI: 5
[    4.394841] scsi target2:0:0: Beginning Domain Validation
[    4.398148] scsi target2:0:0: Domain Validation skipping write tests
[    4.400015] scsi target2:0:0: Ending Domain Validation
[    4.401606] scsi target2:0:0: asynchronous
[    4.403297] scsi 2:0:1:0: Direct-Access     VBOX     HARDDISK         1.0  PQ: 0 ANSI: 5
[    4.405348] scsi target2:0:1: Beginning Domain Validation
[    4.408269] scsi target2:0:1: Domain Validation skipping write tests
[    4.409618] scsi target2:0:1: Ending Domain Validation
[    4.410821] scsi target2:0:1: asynchronous
[    4.425286] sd 2:0:0:0: Attached scsi generic sg0 type 0
[    4.425650] sd 2:0:0:0: [sda] 20971520 512-byte logical blocks: (10.7 GB/10.0 GiB)
[    4.425891] sd 2:0:0:0: [sda] Write Protect is off
[    4.426024] sd 2:0:0:0: [sda] Incomplete mode parameter data
[    4.426042] sd 2:0:0:0: [sda] Assuming drive cache: write through
[    4.430326]  sda: sda1
[    4.430864] sd 2:0:0:0: [sda] Attached SCSI disk
[    4.434668] sd 2:0:1:0: Attached scsi generic sg1 type 0
[    4.434801] sd 2:0:1:0: [sdb] 20480 512-byte logical blocks: (10.5 MB/10.0 MiB)
[    4.435040] sd 2:0:1:0: [sdb] Write Protect is off
[    4.435154] sd 2:0:1:0: [sdb] Incomplete mode parameter data
[    4.435172] sd 2:0:1:0: [sdb] Assuming drive cache: write through
[    4.436828] sd 2:0:1:0: [sdb] Attached SCSI disk
Begin: Loading essential drivers ... [    5.730244] md: linear personality registered for level -1
[    5.734347] md: multipath personality registered for level -4
[    5.737912] md: raid0 personality registered for level 0
[    5.742224] md: raid1 personality registered for level 1
[    5.814055] raid6: sse2x1   gen() 12299 MB/s
[    5.882193] raid6: sse2x1   xor()  9097 MB/s
[    5.950053] raid6: sse2x2   gen() 13512 MB/s
[    6.017879] raid6: sse2x2   xor() 10188 MB/s
[    6.086082] raid6: sse2x4   gen() 15938 MB/s
[    6.154029] raid6: sse2x4   xor() 11313 MB/s
[    6.222244] raid6: avx2x1   gen() 23515 MB/s
[    6.290070] raid6: avx2x2   gen() 26736 MB/s
[    6.358055] raid6: avx2x4   gen() 27889 MB/s
[    6.359419] raid6: using algorithm avx2x4 gen() 27889 MB/s
[    6.360579] raid6: using avx2x2 recovery algorithm
[    6.363358] xor: automatically using best checksumming function:
[    6.402206]    avx       : 28103.000 MB/sec
[    6.406490] async_tx: api initialized (async)
[    6.421873] md: raid6 personality registered for level 6
[    6.423553] md: raid5 personality registered for level 5
[    6.424934] md: raid4 personality registered for level 4
[    6.434333] md: raid10 personality registered for level 10
done.
Begin: Running /scripts/init-premount ... done.
Begin: Mounting root file system ... Begin: Running /scripts/local-top ... done.
Begin: Running /scripts/local-premount ... [    6.468437] Btrfs loaded
Scanning for Btrfs filesystems
done.
Warning: fsck not present, so skipping root file system
[    6.489769] EXT4-fs (sda1): mounted filesystem with ordered data mode. Opts: (null)
done.
Begin: Running /scripts/local-bottom ... done.
Begin: Running /scripts/init-bottom ... done.
[    6.543775] systemd[1]: systemd 229 running in system mode. (+PAM +AUDIT +SELINUX +IMA +APPARMOR +SMACK +SYSVINIT +UTMP +LIBCRYPTSETUP +GCRYPT +GNUTLS +ACL +XZ -LZ4 +SECCOMP +BLKID +ELFUTILS +KMOD -IDN)
[    6.548044] systemd[1]: Detected virtualization oracle.
[    6.549316] systemd[1]: Detected architecture x86-64.

Welcome to [1mUbuntu 16.04.6 LTS[0m!

[    6.553301] systemd[1]: Set hostname to <ubuntu>.
[    6.555687] systemd[1]: Initializing machine ID from random generator.
[    6.557334] systemd[1]: Installed transient /etc/machine-id file.
[    6.638240] systemd[1]: Reached target User and Group Name Lookups.
[[0;32m  OK  [0m] Reached target User and Group Name Lookups.
[    6.640985] systemd[1]: Started Forward Password Requests to Wall Directory Watch.
[[0;32m  OK  [0m] Started Forward Password Requests to Wall Directory Watch.
[    6.644269] systemd[1]: Listening on /dev/initctl Compatibility Named Pipe.
[[0;32m  OK  [0m] Listening on /dev/initctl Compatibility Named Pipe.
[    6.647591] systemd[1]: Listening on Journal Socket (/dev/log).
[[0;32m  OK  [0m] Listening on Journal Socket (/dev/log).
[    6.650171] systemd[1]: Listening on Syslog Socket.
[[0;32m  OK  [0m] Listening on Syslog Socket.
[    6.652896] systemd[1]: Reached target Swap.
[[0;32m  OK  [0m] Reached target Swap.
[    6.655416] systemd[1]: Listening on LVM2 poll daemon socket.
[[0;32m  OK  [0m] Listening on LVM2 poll daemon socket.
[    6.658585] systemd[1]: Set up automount Arbitrary Executable File Formats File System Automount Point.
[[0;32m  OK  [0m] Set up automount Arbitrary Executab...ats File System Automount Point.
[    6.663191] systemd[1]: Reached target Encrypted Volumes.
[[0;32m  OK  [0m] Reached target Encrypted Volumes.
[    6.665673] systemd[1]: Listening on Journal Socket.
[[0;32m  OK  [0m] Listening on Journal Socket.
[    6.668011] systemd[1]: Listening on Device-mapper event daemon FIFOs.
[[0;32m  OK  [0m] Listening on Device-mapper event daemon FIFOs.
[    6.671115] systemd[1]: Listening on Journal Audit Socket.
[[0;32m  OK  [0m] Listening on Journal Audit Socket.
[    6.673509] systemd[1]: Started Trigger resolvconf update for networkd DNS.
[[0;32m  OK  [0m] Started Trigger resolvconf update for networkd DNS.
[    6.676355] systemd[1]: Listening on LVM2 metadata daemon socket.
[[0;32m  OK  [0m] Listening on LVM2 metadata daemon socket.
[    6.679147] systemd[1]: Reached target System Time Synchronized.
[[0;32m  OK  [0m] Reached target System Time Synchronized.
[    6.681875] systemd[1]: Created slice User and Session Slice.
[[0;32m  OK  [0m] Created slice User and Session Slice.
[    6.684572] systemd[1]: Listening on udev Control Socket.
[[0;32m  OK  [0m] Listening on udev Control Socket.
[    6.687003] systemd[1]: Created slice System Slice.
[[0;32m  OK  [0m] Created slice System Slice.
[    6.702528] systemd[1]: Starting Monitoring of LVM2 mirrors, snapshots etc. using dmeventd or progress polling...
         Starting Monitoring of LVM2 mirrors... dmeventd or progress polling...
[    6.708916] systemd[1]: Starting Journal Service...
         Starting Journal Service...
[    6.714242] systemd[1]: Starting Load Kernel Modules...
         Starting Load Kernel Modules...
[    6.716682] systemd[1]: Created slice system-serial\x2dgetty.slice.
[[0;32m  OK  [0m] Created slice system-serial\x2dgetty.slice.
[    6.720531] systemd[1]: Starting Create list of required static device nodes for the current kernel...
[    6.723130] Loading iSCSI transport class v2.0-870.
         Starting Create list of required st... nodes for the current kernel...
[    6.728569] systemd[1]: Starting Uncomplicated firewall...
         Starting Uncomplicated firewall...
[    6.734985] iscsi: registered transport (tcp)
[    6.738722] systemd[1]: Mounting Huge Pages File System...
         Mounting Huge Pages File System...
[    6.743265] systemd[1]: Starting Nameserver information manager...
         Starting Nameserver information manager...
[    6.747026] systemd[1]: Starting Remount Root and Kernel File Systems...
         Starting Remount Root and Kernel File Systems...
[    6.750641] systemd[1]: Starting Set console keymap...
         Starting Set console keymap...
[    6.755055] EXT4-fs (sda1): re-mounted. Opts: (null)
[    6.756859] systemd[1]: Mounting Debug File System...
         Mounting Debug File System...
[    6.759536] systemd[1]: Listening on udev Kernel Socket.
[[0;32m  OK  [0m] Listening on udev Kernel Socket.
[    6.762595] systemd[1]: Reached target Slices.
[[0;32m  OK  [0m] Reached target Slices.
[    6.766628] systemd[1]: Mounting POSIX Message Queue File System...
         Mounting POSIX Message Queue File System...
[    6.774468] systemd[1]: Mounted Huge Pages File System.
[[0;32m  OK  [0m] Mounted Huge Pages File System.
[    6.776999] systemd[1]: Mounted POSIX Message Queue File System.
[[0;32m  OK  [0m] Mounted POSIX Message Queue File System.
[    6.779791] systemd[1]: Mounted Debug File System.
[[0;32m  OK  [0m] Mounted Debug File System.
[    6.782063] systemd[1]: Started Journal Service.
[[0;32m  OK  [0m] Started Journal Service.
[    6.784680] iscsi: registered transport (iser)
[[0;32m  OK  [0m] Started Load Kernel Modules.
[[0;32m  OK  [0m] Started Create list of required sta...ce nodes for the current kernel.
[[0;32m  OK  [0m] Started Uncomplicated firewall.
[[0;32m  OK  [0m] Started Remount Root and Kernel File Systems.
[[0;32m  OK  [0m] Started Set console keymap.
[[0;32m  OK  [0m] Started Nameserver information manager.
[[0;32m  OK  [0m] Started LVM2 metadata daemon.
         Starting Load/Save Random Seed...
         Starting udev Coldplug all Devices...
         Starting Create Static Device Nodes in /dev...
         Starting Apply Kernel Variables...
         Mounting FUSE Control File System...
         Starting Flush Journal to Persistent Storage...
[[0;32m  OK  [0m] Mounted FUSE Control File System.
[[0;32m  OK  [0m] Started Load/Save Random Seed.
[[0;32m  OK  [0m] Started Apply Kernel Variables.
[[0;32m  OK  [0m] Started Create Static Device Nodes in /dev.
[[0;32m  OK  [0m] Started Flush Journal to Persistent Storage.
[[0;32m  OK  [0m] Started udev Coldplug all Devices.
         Starting udev Kernel Device Manager...
[[0;32m  OK  [0m] Started udev Kernel Device Manager.
[[0;32m  OK  [0m] Started Dispatch Password Requests to Console Directory Watch.
[[0;32m  OK  [0m] Found device /dev/ttyS0.
[[0;32m  OK  [0m] Listening on Load/Save RF Kill Switch Status /dev/rfkill Watch.
[[0;32m  OK  [0m] Started Monitoring of LVM2 mirrors,...ng dmeventd or progress polling.
[[0;32m  OK  [0m] Reached target Local File Systems (Pre).
[[0;32m  OK  [0m] Reached target Local File Systems.
         Starting Set console font and keymap...
         Starting Create Volatile Files and Directories...
         Starting Tell Plymouth To Write Out Runtime Data...
         Starting Initial cloud-init job (pre-networking)...
         Starting LSB: AppArmor initialization...
         Starting Commit a transient machine-id on disk...
[[0;32m  OK  [0m] Started Create Volatile Files and Directories.
[[0;32m  OK  [0m] Started Tell Plymouth To Write Out Runtime Data.
[[0;32m  OK  [0m] Started Commit a transient machine-id on disk.
         Starting Update UTMP about System Boot/Shutdown...
[[0;32m  OK  [0m] Started Update UTMP about System Boot/Shutdown.
[[0;32m  OK  [0m] Started Set console font and keymap.
[[0;32m  OK  [0m] Created slice system-getty.slice.
[[0;32m  OK  [0m] Started LSB: AppArmor initialization.
[    8.139606] cloud-init[619]: Cloud-init v. 19.1-1-gbaa47854-0ubuntu1~16.04.1 running 'init-local' at Tue, 27 Aug 2019 02:00:53 +0000. Up 7.79 seconds.
[[0;32m  OK  [0m] Started Initial cloud-init job (pre-networking).
[[0;32m  OK  [0m] Reached target Network (Pre).
         Starting Raise network interfaces...
[[0;32m  OK  [0m] Started Raise network interfaces.
[[0;32m  OK  [0m] Reached target Network.
         Starting Initial cloud-init job (metadata service crawler)...
[    9.104197] cloud-init[948]: Cloud-init v. 19.1-1-gbaa47854-0ubuntu1~16.04.1 running 'init' at Tue, 27 Aug 2019 02:00:54 +0000. Up 8.57 seconds.
[    9.116463] cloud-init[948]: ci-info: ++++++++++++++++++++++++++++++++++++++Net device info++++++++++++++++++++++++++++++++++++++
[    9.124827] cloud-init[948]: ci-info: +--------+------+----------------------------+---------------+--------+-------------------+
[    9.132927] cloud-init[948]: ci-info: | Device |  Up  |          Address           |      Mask     | Scope  |     Hw-Address    |
[    9.140545] [cloud-init[0;32m  OK  [0m[948]: ] ci-info: +--------+------+----------------------------+---------------+--------+-------------------+Started Initial cloud-init job (metadata service crawler).

[    9.141172] cloud-init[948]: ci-info: | enp0s3 | True |         10.0.2.15          | 255.255.255.0 | global | 02:6a:5b:40:72:6f |
[    9.144396] [[0;32m  OK  [0m] Reached target System Initialization.
[[0;32m  OK  [0m] Started Daily Cleanup of Temporary Directories.
[[0;32m  OK  [0m] Listening on D-Bus System Message Bus Socket.
[[0;32m  OK  [0m] Listening on UUID daemon activation socket.
[[0;32m  OK  [0m] Started Daily apt download activities.
[[0;32m  OK  [0m] Started Daily apt upgrade and clean activities.
[[0;32m  OK  [0m] Listening on ACPID Listen Socket.
[[0;32m  OK  [0m] Reached target Timers.
cloud-init[948]:          Starting LXD - unix socket.
         Starting Socket activation for snappy daemon.
ci-info: | enp0s3 | True | fe80::6a:5bff:fe40:726f/64 |       .       |  link  | 02:6a:5b:40:72:6f |
[[0;32m  OK  [0m] Started ACPI Events Check.
[[0;32m  OK  [0m] Reached target Paths.
[[0;32m  OK  [0m] Reached target Network is Online.
[    9.155214] cloud-init[948]: ci-info: |   lo   | True |         127.0.0.1          |   255.0.0.0   |  host  |         .         |
[    9.164397] cloud-init[948]: ci-info: |   lo   | True |          ::1/128           |       .       |  host  |         .         |
[    9.166579] cloud-init[948]: ci-info: +--------+------+----------------------------+---------------+--------+-------------------+
[    9.169179] cloud-init[948]: ci-info: +++++++++++++++++++++++++++Route IPv4 info++++++++++++++++++++++++++++
[    9.171397] cloud-init[948]: ci-info: +-------+-------------+----------+---------------+-----------+-------+
         Starting iSCSI initiator daemon (iscsid)...
[[0;32m  OK  [0m] Reached target Cloud-config availability.
[[0;32m  OK  [0m] Listening on LXD - unix socket.
[[0;32m  OK  [0m] Listening on Socket activation for snappy daemon.
[[0;32m  OK  [0m] Reached target Sockets.
[[0;32m  OK  [0m] Reached target Basic System.
         Starting Accounts Service...
[    9.172350]          Starting /etc/rc.local Compatibility...
cloud-init         Starting Snappy daemon...
[[0;32m  OK  [0m] Started ACPI event daemon.
         Starting System Logging Service...
[[0;32m  OK  [0m] Started D-Bus System Message Bus.
[948]: ci-info: | Route | Destination | Gateway  |    Genmask    | Interface | Flags |
[    9.193759] cloud-init[948]: ci-info: +-------+-------------+----------+---------------+-----------+-------+
[    9.201897] cloud-init[948]: ci-info: |   0   |   0.0.0.0   | 10.0.2.2 |    0.0.0.0    |   enp0s3  |   UG  |
[    9.205560] cloud-init[948]: ci-info: |   1   |   10.0.2.0  | 0.0.0.0  | 255.255.255.0 |   enp0s3  |   U   |
[    9.208727] cloud-init[948]: ci-info: +-------+-------------+----------+---------------+-----------+-------+
[    9.211865] cloud-init[948]: ci-info: +++++++++++++++++++Route IPv6 info+++++++++++++++++++
[    9.216676] cloud-init[948]: ci-info: +-------+-------------+---------+-----------+-------+
[    9.222118] cloud-init[948]: ci-info: | Route | Destination | Gateway | Interface | Flags |
[    9.225161] cloud-init[948]: ci-info: +-------+-------------+---------+-----------+-------+
[    9.228205] cloud-init[948]: ci-info: |   0   |  fe80::/64  |    ::   |   enp0s3  |   U   |
[    9.229991] cloud-init[948]: ci-info: |   3   |   ff00::/8  |    ::   |   enp0s3  |   U   |
         Starting LSB: Record successful boot for GRUB...
[[0;32m  OK  [0m] Started Deferred execution scheduler.
[[0;32m  OK  [0m] Started FUSE filesystem for LXC.
         Starting Pollinate to seed the pseudo random number generator...
[[0;32m  OK  [0m] Started Regular background program processing daemon.
         Starting Virtualbox guest utils...
         Starting Login Service...
         Starting LSB: MD monitoring daemon...
         Starting LXD - container startup/shutdown...
[[0;32m  OK  [0m] Started System Logging Service.
[    9.231824] cloud-init[948]: ci-info: +-------+-------------+---------+-----------+-------+
[[0;32m  OK  [0m] Started /etc/rc.local Compatibility.
[    9.249972] [[0;32m  OK  [0m] Started iSCSI initiator daemon (iscsid).
cloud-init[948]: Generating public/private rsa key pair.
[    9.275261] cloud-init[948]: Your identification has been saved in /etc/ssh/ssh_host_rsa_key.
[    9.285307] cloud-init[948]: Your public key has been saved in /etc/ssh/ssh_host_rsa_key.pub.
[    9.289596] cloud-init[948]: The key fingerprint is:
[    9.298247] cloud-init[948]: SHA256:Qj9kFtdyROrL6iPiDkHyCAtlh/UR229BDbHo6jov9wE root@ubuntu-xenial
[    9.304614] cloud-init[948]: The key's randomart image is:
[    9.318476] cloud-init[948]: +---[RSA 2048]----+
[    9.320111]          Starting Authenticate and Authorize Users to Run Privileged Tasks...
cloud-init[948]: |  ooo o.. =Bo    |
[    9.329681]          cloud-initStarting Login to default iSCSI targets...[948]: 
| o.. . + =.o+    |
[    9.335504] [[0;32m  OK  [0m] Started LSB: MD monitoring daemon.
cloud-init[948]: |+ .   + * +o     |
[[0;32m  OK  [0m] Started Login Service.
[[0;32m  OK  [0m] Started LSB: Record successful boot for GRUB.
[[0;32m  OK  [0m] Started Unattended Upgrades Shutdown.
[    9.365102] cloud-init[948]: |o*   . * o .     |
[[0;32m  OK  [0m] Started Authenticate and Authorize Users to Run Privileged Tasks.
[    9.375365] cloud-init[948]: [[0;32m  OK  [0m] Started Login to default iSCSI targets.
|o o   E S +      |
[    9.387375] cloud-init[[0;32m  OK  [0m] Started Accounts Service.
[948]: |   .   + + .     |
[    9.392904] cloud-init[948]: |  .   . . o      |[[0;32m  OK  [0m] Reached target Remote File Systems (Pre).
[[0;32m  OK  [0m] Reached target Remote File Systems.

[    9.398141] cloud-init[948]: |   .+.o .o       |
[    9.400658] cloud-init[948]: |   o+Bo++.       |
[    9.405604] cloud-init[948]: +----[SHA256]-----+
[    9.408646]          Starting LSB: Set the CPU Frequency Scaling governor to "ondemand"...
         Starting LSB: daemon to balance interrupts for SMP systems...
         Starting LSB: automatic crash report generation...
         Starting Permit User Sessions...
[[0;32m  OK  [0m] Started Permit User Sessions.
cloud-init[948]: Generating public/private dsa key pair.
[    9.442519] [[0;32m  OK  [0m] Started Virtualbox guest utils.
cloud-init[948]: Your identification has been saved in /etc/ssh/ssh_host_dsa_key.
[    9.448008] cloud-init[948]: Your public key has been saved in /etc/ssh/ssh_host_dsa_key.pub.[[0;32m  OK  [0m] Started LXD - container startup/shutdown.
         Starting Hold until boot process finishes up...
         Starting Terminate Plymouth Boot Screen...
[[0;32m  OK  [0m] Started Hold until boot process finishes up.
[[0;32m  OK  [0m] Started Getty on tty1.
[[0;32m  OK  [0m] Started Serial Getty on ttyS0.
[[0;32m  OK  [0m] Reached target Login Prompts.
         Starting Set console scheme...
[[0;32m  OK  [0m] Started LSB: Set the CPU Frequency Scaling governor to "ondemand".
[[0;32m  OK  [0m] Started Terminate Plymouth Boot Screen.
[[0;32m  OK  [0m] Started Set console scheme.

[    9.490228] cloud-init[948]: The key fingerprint is:
[    9.494607] cloud-init[948]: SHA256:K1DYwlVhgco45wJXIMizSzCsMTFzwHg3EgjiQLWRt/Y root@ubuntu-xenial
[[0;32m  OK  [0m] Started LSB: automatic crash report generation.
[    9.500200] [[0;32m  OK  [0m] Started LSB: daemon to balance interrupts for SMP systems.
cloud-init[948]: The key's randomart image is:
[    9.504594] cloud-init[948]: +---[DSA 1024]----+
[    9.506047] cloud-init[948]: |^===. .o=o       |
[    9.507402] cloud-init[948]: |%Xoo*=..         |
[    9.508985] cloud-init[948]: |o*oB=o+          |
[    9.510893] cloud-init[948]: |oo+ +=           |
[    9.514955] cloud-init[948]: |.o.+o . S        |
[    9.520224] cloud-init[948]: | .. .. E .       |
[    9.526037] cloud-init[948]: |   .  . .        |
[    9.528442] cloud-init[948]: |       .         |
[    9.530687] cloud-init[948]: |                 |
[    9.531923] cloud-init[948]: +----[SHA256]-----+
[    9.533284] cloud-init[948]: Generating public/private ecdsa key pair.
[    9.534773] cloud-init[948]: Your identification has been saved in /etc/ssh/ssh_host_ecdsa_key.
[    9.536876] cloud-init[948]: Your public key has been saved in /etc/ssh/ssh_host_ecdsa_key.pub.
[    9.540452] cloud-init[948]: The key fingerprint is:
[    9.542239] cloud-init[948]: SHA256:EyO0tI65df7hdYjE/YrM856Q+2kmOXaxugiNHASwB0s root@ubuntu-xenial
[    9.544594] cloud-init[948]: The key's randomart image is:
[    9.545895] cloud-init[948]: +---[ECDSA 256]---+
[    9.552275] cloud-init[948]: |  E.. o          |
[    9.553722] cloud-init[948]: | . + + o         |
[    9.555048] cloud-init[948]: |  o . = o        |
[    9.556369] cloud-init[948]: |   . = . + .     |
[    9.557616] cloud-init[948]: |    o + S o .    |
[    9.560268] cloud-init[948]: |     + * o o.o   |
[    9.562347] cloud-init[948]: |    . + o =.ooo  |
[    9.563889] cloud-init[948]: [[0;32m  OK  [0m] Started Snappy daemon.
|       . ***==   |
[    9.568151] cloud-init[948]: |        ..X&B    |
[    9.570268] cloud-init[948]: +----[SHA256]-----+
[    9.572953] cloud-init[948]: Generating public/private ed25519 key pair.
[    9.575056] cloud-init[948]: Your identification has been saved in /etc/ssh/ssh_host_ed25519_key.
[    9.578021] cloud-init[948]: Your public key has been saved in /etc/ssh/ssh_host_ed25519_key.pub.
[    9.580189]          Starting Wait until snapd is fully seeded...
cloud-init[948]: The key fingerprint is:
[    9.589371] cloud-init[948]: SHA256:WGvjVWDCQXuJ0brc6TA4S4UQpkBTDuP7tc4nHILrqUg root@ubuntu-xenial
[    9.596606] cloud-init[948]: The key's randomart image is:
[    9.599660] cloud-init[948]: +--[ED25519 256]--+
[    9.601104] cloud-init[948]: |o=..o. o=oo      |
[    9.602676] cloud-init[948]: |..=o.   .*.o     |
[    9.604867] cloud-init[948]: | ... . .+.o .    |
[    9.606138] cloud-init[948]: |  .   .ooo .     |
[    9.607336] cloud-init[948]: | ..  ..+So..     |
[    9.608676] cloud-init[948]: | .....=o=oo      |
[    9.610754] cloud-init[948]: | E..oo.o.+       |
[    9.612578] cloud-init[948]: |o.. oo..  .      |
[    9.614631] cloud-init[948]: |=o   oo          |
[    9.616287] cloud-init[948]: +----[SHA256]-----+
[[0;32m  OK  [0m] Started Pollinate to seed the pseudo random number generator.
         Starting OpenBSD Secure Shell server...
[[0;32m  OK  [0m] Started OpenBSD Secure Shell server.
[[0;32m  OK  [0m] Created slice User Slice of vagrant.
         Starting User Manager for UID 1000...
[[0;32m  OK  [0m] Started Session 1 of user vagrant.
[[0;32m  OK  [0m] Started User Manager for UID 1000.
[[0;32m  OK  [0m] Started Wait until snapd is fully seeded.
         Starting Apply the settings specified in cloud-config...
[[0;32m  OK  [0m] Reached target Multi-User System.
[[0;32m  OK  [0m] Reached target Graphical Interface.
         Starting Update UTMP about System Runlevel Changes...
[[0;32m  OK  [0m] Started Update UTMP about System Runlevel Changes.
[   13.007785] cloud-init[1391]: Generating locales (this might take a while)...
[[0;32m  OK  [0m] Started Session 2 of user vagrant.
[   13.668599] cloud-init[1391]:   en_US.UTF-8... done
[   13.676613] cloud-init[1391]: Generation complete.
[   13.870867] cloud-init[1391]: Cloud-init v. 19.1-1-gbaa47854-0ubuntu1~16.04.1 running 'modules:config' at Tue, 27 Aug 2019 02:00:58 +0000. Up 12.92 seconds.
[[0;32m  OK  [0m] Started Apply the settings specified in cloud-config.
         Starting Execute cloud user/final scripts...
ci-info: no authorized ssh keys fingerprints found for user ubuntu.
<14>Aug 27 02:01:00 ec2: 
<14>Aug 27 02:01:00 ec2: #############################################################
<14>Aug 27 02:01:00 ec2: -----BEGIN SSH HOST KEY FINGERPRINTS-----
<14>Aug 27 02:01:00 ec2: 1024 SHA256:K1DYwlVhgco45wJXIMizSzCsMTFzwHg3EgjiQLWRt/Y root@ubuntu-xenial (DSA)
<14>Aug 27 02:01:00 ec2: 256 SHA256:EyO0tI65df7hdYjE/YrM856Q+2kmOXaxugiNHASwB0s root@ubuntu-xenial (ECDSA)
<14>Aug 27 02:01:00 ec2: 256 SHA256:WGvjVWDCQXuJ0brc6TA4S4UQpkBTDuP7tc4nHILrqUg root@ubuntu-xenial (ED25519)
<14>Aug 27 02:01:00 ec2: 2048 SHA256:Qj9kFtdyROrL6iPiDkHyCAtlh/UR229BDbHo6jov9wE root@ubuntu-xenial (RSA)
<14>Aug 27 02:01:00 ec2: -----END SSH HOST KEY FINGERPRINTS-----
<14>Aug 27 02:01:00 ec2: #############################################################
-----BEGIN SSH HOST KEY KEYS-----
ecdsa-sha2-nistp256 AAAAE2VjZHNhLXNoYTItbmlzdHAyNTYAAAAIbmlzdHAyNTYAAABBBI4jWsKGOn05veEnyAuHBFWoS4O3w7m228z38Qok6CvRw6p2dmOjL/I1uEgVZcF4F1bmM6Ax6fQfq3qeSCXmBGs= root@ubuntu-xenial
ssh-ed25519 AAAAC3NzaC1lZDI1NTE5AAAAIK5HNP1l8oK84iKGHYkyaFEt1Aepf9xZor3kMij22X1N root@ubuntu-xenial
ssh-rsa AAAAB3NzaC1yc2EAAAADAQABAAABAQCqvTPGKt94Uk7oz2Kn4fF9CgbfN8U+sVXHg/uo2jcPt8E2HTMEBrUOHK+heN0siVkXwykElw/DbvlIQN/VHkDOQ5Kp7n4BB+HXKApVgDTzMM/x/04mYrl9Zs8YPJ0aVDX/mb0HKJNOKyL2agjh+5Wn6TLZq3KTaRVMc/21EbzvOjgxO5ypasvweEFMmapRqObQ7e1fQPNHedRUJg+8caIQuKW6J492YMx8BnAnrfUQNSAY4su1GQkJAv76l6rneWKs+saXoRMdUbB7psLLhqHQKoLFbMuY1g6xJel9yzMAkQiifGgcHhjiMN0Ql7hbHkgIxHkho+tvfWcxPKwo9r5x root@ubuntu-xenial
-----END SSH HOST KEY KEYS-----
[   14.217092] cloud-init[1598]: Cloud-init v. 19.1-1-gbaa47854-0ubuntu1~16.04.1 running 'modules:final' at Tue, 27 Aug 2019 02:00:59 +0000. Up 14.11 seconds.
[   14.224488] cloud-init[1598]: ci-info: no authorized ssh keys fingerprints found for user ubuntu.
[   14.237899] cloud-init[1598]: Cloud-init v. 19.1-1-gbaa47854-0ubuntu1~16.04.1 finished at Tue, 27 Aug 2019 02:01:00 +0000. Datasource DataSourceNoCloud [seed=/dev/sdb][dsmode=net].  Up 14.21 seconds
[[0;32m  OK  [0m] Started Execute cloud user/final scripts.
[[0;32m  OK  [0m] Reached target Cloud-init target.

Ubuntu 16.04.6 LTS ubuntu-xenial ttyS0

ubuntu-xenial login: 